<?xml version="1.0"?>
<form xmlns:xsi="http://www.w3.org/2001/XMLSchema-instance"
      xsi:noNamespaceSchemaLocation="urn:magento:module:Hyva_Admin:etc/hyva-form.xsd">
    <load method="\Some\Repo::getById">
        <bindArguments>
            <argument name="fooId" requestParam="id"/>
        </bindArguments>
    </load>
    <save method="\Some\Repo::save">
        <bindArguments>
            <argument name="foo" formData="false"/>
            <argument name="bar" formData="true"/>
            <argument name="passwordHash" method="\Some\Model\CustomerPassword::hash"/>
        </bindArguments>
    </save>
    <fields>
        <include>
            <field name="bbb" group="important-things" template="Some_Module::bbb.phtml"/>
            <field name="ccc"/>
        </include>
        <exclude>
            <field name="ccc"/>
            <field name="ddd"/>
        </exclude>
    </fields>
</form>
